2025-04-22T08:53:00+07:00 | DEBUG | repo=lede | pid=9956 | action=push
2025-12-09T08:13:00+07:00 | ERROR | repo=lede | pid=9956 | action=push
2025-07-23T17:27:00+07:00 | DEBUG | repo=lede | pid=9956 | action=push
2025-04-02T21:28:00+07:00 | INFO  | repo=lede | pid=9956 | action=push
2025-11-28T18:19:00+07:00 | ERROR | repo=lede | pid=9956 | action=push
2025-03-03T21:51:00+07:00 | INFO  | repo=lede | pid=9956 | action=push
2025-07-26T07:05:00+07:00 | INFO  | repo=lede | pid=9956 | action=push
2025-03-08T08:50:00+07:00 | INFO  | repo=lede | pid=9956 | action=push
2025-06-06T14:19:00+07:00 | INFO  | repo=lede | pid=9956 | action=push
2025-09-08T18:50:00+07:00 | INFO  | repo=lede | pid=9956 | action=pull | latency=78ms
2025-06-16T17:50:00+07:00 | INFO  | repo=lede | pid=9956 | action=push
2025-01-25T16:18:00+07:00 | ERROR | repo=lede | pid=9956 | action=push
2025-10-02T18:42:00+07:00 | DEBUG | repo=lede | pid=9956 | action=push
2025-12-02T18:47:00+07:00 | WARN  | repo=lede | pid=9956 | action=push
2025-11-10 13:58:00 | WARN | repo=lede | action=commit
2025-08-19 07:49:00 | WARN | repo=lede | action=commit
2025-06-14 17:30:00 | WARN | repo=lede | action=commit
2025-04-09 19:52:00 | INFO | repo=lede | action=edit | files=5
2025-08-12 20:39:00 | INFO | repo=lede | action=commit
2025-08-13 09:59:00 | INFO | repo=lede | action=commit
2025-10-08 19:46:00 | DEBUG | repo=lede | action=edit | files=4
2025-02-05 19:43:00 | DEBUG | repo=lede | action=commit
2025-02-25 18:51:00 | INFO | repo=lede | action=commit
2025-06-04 12:58:00 | WARN | repo=lede | action=test | passed=true
2025-10-22 21:18:00 | WARN | repo=lede | action=test | passed=true
2025-03-04 13:07:00 | INFO | repo=lede | action=commit
2025-03-04 12:31:00 | DEBUG | repo=lede | action=commit
